[debug] [2024-11-24T06:42:26.185Z] ----------------------------------------------------------------------
[debug] [2024-11-24T06:42:26.203Z] Command:       E:\node_server-local\node.exe N:\New folder (53)\digital-product-sales-platform\node_modules\firebase-tools\lib\bin\firebase.js deploy --token YOUR_FIREBASE_TOKEN
[debug] [2024-11-24T06:42:26.210Z] CLI Version:   13.27.0
[debug] [2024-11-24T06:42:26.211Z] Platform:      win32
[debug] [2024-11-24T06:42:26.212Z] Node Version:  v22.1.0
[debug] [2024-11-24T06:42:26.214Z] Time:          Sun Nov 24 2024 00:42:26 GMT-0600 (Central Standard Time)
[debug] [2024-11-24T06:42:26.214Z] ----------------------------------------------------------------------
[debug] 
[debug] [2024-11-24T06:42:26.281Z] >>> [apiv2][query] GET https://firebase-public.firebaseio.com/cli.json [none]
[debug] [2024-11-24T06:42:26.752Z] > command requires scopes: ["email","openid","https://www.googleapis.com/auth/cloudplatformprojects.readonly","https://www.googleapis.com/auth/firebase","https://www.googleapis.com/auth/cloud-platform"]
[debug] [2024-11-24T06:42:26.753Z] > authorizing via --token option
[warn] !  Authenticating with `--token` is deprecated and will be removed in a future major version of `firebase-tools`. Instead, use a service account key with `GOOGLE_APPLICATION_CREDENTIALS`: https://cloud.google.com/docs/authentication/getting-started 
[debug] [2024-11-24T06:42:26.754Z] [iam] checking project real-estate-4fb6e for permissions ["firebase.projects.get","firebasehosting.sites.update"]
[debug] [2024-11-24T06:42:26.756Z] No OAuth tokens found
[debug] [2024-11-24T06:42:26.758Z] No OAuth tokens found
[debug] [2024-11-24T06:42:26.758Z] > refreshing access token with scopes: []
[debug] [2024-11-24T06:42:26.761Z] >>> [apiv2][query] POST https://www.googleapis.com/oauth2/v3/token [none]
[debug] [2024-11-24T06:42:26.761Z] >>> [apiv2][body] POST https://www.googleapis.com/oauth2/v3/token [omitted]
[debug] [2024-11-24T06:42:26.922Z] <<< [apiv2][status] GET https://firebase-public.firebaseio.com/cli.json 200
[debug] [2024-11-24T06:42:26.923Z] <<< [apiv2][body] GET https://firebase-public.firebaseio.com/cli.json {"cloudBuildErrorAfter":1594252800000,"cloudBuildWarnAfter":1590019200000,"defaultNode10After":1594252800000,"minVersion":"3.0.5","node8DeploysDisabledAfter":1613390400000,"node8RuntimeDisabledAfter":1615809600000,"node8WarnAfter":1600128000000}
[debug] [2024-11-24T06:42:27.222Z] <<< [apiv2][status] POST https://www.googleapis.com/oauth2/v3/token 400
[debug] [2024-11-24T06:42:27.223Z] <<< [apiv2][body] POST https://www.googleapis.com/oauth2/v3/token [omitted]
[debug] [2024-11-24T06:42:27.223Z] >>> [apiv2][query] POST https://cloudresourcemanager.googleapis.com/v1/projects/real-estate-4fb6e:testIamPermissions [none]
[debug] [2024-11-24T06:42:27.223Z] >>> [apiv2][(partial)header] POST https://cloudresourcemanager.googleapis.com/v1/projects/real-estate-4fb6e:testIamPermissions x-goog-quota-user=projects/real-estate-4fb6e
[debug] [2024-11-24T06:42:27.223Z] >>> [apiv2][body] POST https://cloudresourcemanager.googleapis.com/v1/projects/real-estate-4fb6e:testIamPermissions {"permissions":["firebase.projects.get","firebasehosting.sites.update"]}
[debug] [2024-11-24T06:42:27.407Z] <<< [apiv2][status] POST https://cloudresourcemanager.googleapis.com/v1/projects/real-estate-4fb6e:testIamPermissions 401
[debug] [2024-11-24T06:42:27.407Z] <<< [apiv2][body] POST https://cloudresourcemanager.googleapis.com/v1/projects/real-estate-4fb6e:testIamPermissions {"error":{"code":401,"message":"Request had invalid authentication credentials. Expected OAuth 2 access token, login cookie or other valid authentication credential. See https://developers.google.com/identity/sign-in/web/devconsole-project.","status":"UNAUTHENTICATED","details":[{"@type":"type.googleapis.com/google.rpc.ErrorInfo","reason":"ACCESS_TOKEN_TYPE_UNSUPPORTED","metadata":{"method":"google.cloudresourcemanager.v1.Projects.TestIamPermissions","service":"cloudresourcemanager.googleapis.com"}}]}}
[debug] [2024-11-24T06:42:27.408Z] Got a 401 Unauthenticated error for a call that required authentication. Refreshing tokens.
[debug] [2024-11-24T06:42:27.409Z] No OAuth tokens found
[debug] [2024-11-24T06:42:27.410Z] No OAuth tokens found
[debug] [2024-11-24T06:42:27.410Z] > refreshing access token with scopes: []
[debug] [2024-11-24T06:42:27.412Z] >>> [apiv2][query] POST https://www.googleapis.com/oauth2/v3/token [none]
[debug] [2024-11-24T06:42:27.412Z] >>> [apiv2][body] POST https://www.googleapis.com/oauth2/v3/token [omitted]
[debug] [2024-11-24T06:42:27.465Z] <<< [apiv2][status] POST https://www.googleapis.com/oauth2/v3/token 400
[debug] [2024-11-24T06:42:27.465Z] <<< [apiv2][body] POST https://www.googleapis.com/oauth2/v3/token [omitted]
[debug] [2024-11-24T06:42:27.467Z] [iam] error while checking permissions, command may fail: Request to https://cloudresourcemanager.googleapis.com/v1/projects/real-estate-4fb6e:testIamPermissions had HTTP Error: 401, Request had invalid authentication credentials. Expected OAuth 2 access token, login cookie or other valid authentication credential. See https://developers.google.com/identity/sign-in/web/devconsole-project.
[debug] [2024-11-24T06:42:27.468Z] No OAuth tokens found
[debug] [2024-11-24T06:42:27.469Z] >>> [apiv2][query] GET https://firebase.googleapis.com/v1beta1/projects/real-estate-4fb6e [none]
[debug] [2024-11-24T06:42:27.715Z] <<< [apiv2][status] GET https://firebase.googleapis.com/v1beta1/projects/real-estate-4fb6e 401
[debug] [2024-11-24T06:42:27.716Z] <<< [apiv2][body] GET https://firebase.googleapis.com/v1beta1/projects/real-estate-4fb6e {"error":{"code":401,"message":"Request had invalid authentication credentials. Expected OAuth 2 access token, login cookie or other valid authentication credential. See https://developers.google.com/identity/sign-in/web/devconsole-project.","status":"UNAUTHENTICATED"}}
[debug] [2024-11-24T06:42:27.716Z] Got a 401 Unauthenticated error for a call that required authentication. Refreshing tokens.
[debug] [2024-11-24T06:42:27.716Z] No OAuth tokens found
[debug] [2024-11-24T06:42:27.717Z] No OAuth tokens found
[debug] [2024-11-24T06:42:27.717Z] > refreshing access token with scopes: []
[debug] [2024-11-24T06:42:27.718Z] >>> [apiv2][query] POST https://www.googleapis.com/oauth2/v3/token [none]
[debug] [2024-11-24T06:42:27.718Z] >>> [apiv2][body] POST https://www.googleapis.com/oauth2/v3/token [omitted]
[debug] [2024-11-24T06:42:27.769Z] <<< [apiv2][status] POST https://www.googleapis.com/oauth2/v3/token 400
[debug] [2024-11-24T06:42:27.770Z] <<< [apiv2][body] POST https://www.googleapis.com/oauth2/v3/token [omitted]
[debug] [2024-11-24T06:42:27.770Z] Request to https://firebase.googleapis.com/v1beta1/projects/real-estate-4fb6e had HTTP Error: 401, Request had invalid authentication credentials. Expected OAuth 2 access token, login cookie or other valid authentication credential. See https://developers.google.com/identity/sign-in/web/devconsole-project.
[error] 
[error] Error: Assertion failed: resolving hosting target of a site with no site name or target name. This should have caused an error earlier
[debug] [2024-11-24T06:51:37.187Z] ----------------------------------------------------------------------
[debug] [2024-11-24T06:51:37.195Z] Command:       E:\node_server-local\node.exe n:\New folder (53)\digital-product-sales-platform\node_modules\firebase-tools\lib\bin\firebase.js login --no-localhost
[debug] [2024-11-24T06:51:37.195Z] CLI Version:   12.9.1
[debug] [2024-11-24T06:51:37.195Z] Platform:      win32
[debug] [2024-11-24T06:51:37.196Z] Node Version:  v22.1.0
[debug] [2024-11-24T06:51:37.196Z] Time:          Sun Nov 24 2024 00:51:37 GMT-0600 (Central Standard Time)
[debug] [2024-11-24T06:51:37.196Z] ----------------------------------------------------------------------
[debug] 
[error] 
[error] Error: Cannot run login in non-interactive mode. See login:ci to generate a token for use in non-interactive environments.
[debug] [2024-11-24T06:53:23.273Z] ----------------------------------------------------------------------
[debug] [2024-11-24T06:53:23.284Z] Command:       E:\node_server-local\node.exe n:\New folder (53)\digital-product-sales-platform\node_modules\firebase-tools\lib\bin\firebase.js init --token 1//0gLZrUDJTsHhsCgYIARAAGBASNwF-L9IrFJmp1wADgWZGvvP_-9HZQFXqH6lPqDGXP3GSR_Jj_h0JpXcTAd8_L4_pHYgmv-OTURA
[debug] [2024-11-24T06:53:23.286Z] CLI Version:   12.9.1
[debug] [2024-11-24T06:53:23.287Z] Platform:      win32
[debug] [2024-11-24T06:53:23.288Z] Node Version:  v22.1.0
[debug] [2024-11-24T06:53:23.288Z] Time:          Sun Nov 24 2024 00:53:23 GMT-0600 (Central Standard Time)
[debug] [2024-11-24T06:53:23.289Z] ----------------------------------------------------------------------
[debug] 
[debug] [2024-11-24T06:53:23.598Z] > command requires scopes: ["email","openid","https://www.googleapis.com/auth/cloudplatformprojects.readonly","https://www.googleapis.com/auth/firebase","https://www.googleapis.com/auth/cloud-platform"]
[debug] [2024-11-24T06:53:23.603Z] > authorizing via --token option
[warn] !  Authenticating with `--token` is deprecated and will be removed in a future major version of `firebase-tools`. Instead, use a service account key with `GOOGLE_APPLICATION_CREDENTIALS`: https://cloud.google.com/docs/authentication/getting-started 
[info] 
     ######## #### ########  ######## ########     ###     ######  ########
     ##        ##  ##     ## ##       ##     ##  ##   ##  ##       ##
     ######    ##  ########  ######   ########  #########  ######  ######
     ##        ##  ##    ##  ##       ##     ## ##     ##       ## ##
     ##       #### ##     ## ######## ########  ##     ##  ######  ########

You're about to initialize a Firebase project in this directory:

  n:\New folder (53)\digital-product-sales-platform

Before we get started, keep in mind:

  * You are initializing within an existing Firebase project directory

